<?xml version="1.0" encoding="utf-8"?>
<test-run id="2" testcasecount="2" result="Failed(Child)" total="2" passed="1" failed="1" inconclusive="0" skipped="0" asserts="0" engine-version="3.5.0.0" clr-version="4.0.30319.42000" start-time="2020-10-30 20:36:17Z" end-time="2020-10-30 20:36:17Z" duration="0.1351695">
  <test-suite type="TestSuite" id="1008" name="Matching Game" fullname="Matching Game" runstate="Runnable" testcasecount="2" result="Failed" site="Child" start-time="2020-10-30 20:36:17Z" end-time="2020-10-30 20:36:17Z" duration="0.135170" total="2" passed="1" failed="1" inconclusive="0" skipped="0" asserts="0">
    <properties />
    <failure>
      <message><![CDATA[One or more child tests had errors]]></message>
    </failure>
    <test-suite type="Assembly" id="1012" name="Tests.dll" fullname="C:/Gitlab-Runner/builds/frFFFKgp/0/duongminhhieu16/matching-game/Matching Game/Library/ScriptAssemblies/Tests.dll" runstate="Runnable" testcasecount="2" result="Failed" site="Child" start-time="2020-10-30 20:36:17Z" end-time="2020-10-30 20:36:17Z" duration="0.099450" total="2" passed="1" failed="1" inconclusive="0" skipped="0" asserts="0">
      <properties>
        <property name="_PID" value="12980" />
        <property name="_APPDOMAIN" value="Unity Child Domain" />
        <property name="platform" value="EditMode" />
      </properties>
      <failure>
        <message><![CDATA[One or more child tests had errors]]></message>
      </failure>
      <test-suite type="TestSuite" id="1013" name="Tests" fullname="Tests" runstate="Runnable" testcasecount="2" result="Failed" site="Child" start-time="2020-10-30 20:36:17Z" end-time="2020-10-30 20:36:17Z" duration="0.093788" total="2" passed="1" failed="1" inconclusive="0" skipped="0" asserts="0">
        <properties />
        <failure>
          <message><![CDATA[One or more child tests had errors]]></message>
        </failure>
        <test-suite type="TestFixture" id="1009" name="Test1" fullname="Tests.Test1" classname="Tests.Test1" runstate="Runnable" testcasecount="2" result="Failed" site="Child" start-time="2020-10-30 20:36:17Z" end-time="2020-10-30 20:36:17Z" duration="0.085181" total="2" passed="1" failed="1" inconclusive="0" skipped="0" asserts="0">
          <properties />
          <failure>
            <message><![CDATA[One or more child tests had errors]]></message>
          </failure>
          <test-case id="1010" name="Test1SimplePasses" fullname="Tests.Test1.Test1SimplePasses" methodname="Test1SimplePasses" classname="Tests.Test1" runstate="Runnable" seed="398241319" result="Failed" start-time="2020-10-30 20:36:17Z" end-time="2020-10-30 20:36:17Z" duration="0.040348" asserts="0">
            <properties />
            <failure>
              <message><![CDATA[  Expected: not equal to 0
  But was:  0
]]></message>
              <stack-trace><![CDATA[at Tests.Test1.Test1SimplePasses () [0x00001] in C:\Gitlab-Runner\builds\frFFFKgp\0\duongminhhieu16\matching-game\Matching Game\Assets\Tests\Test1.cs:15
]]></stack-trace>
            </failure>
          </test-case>
          <test-case id="1011" name="Test1WithEnumeratorPasses" fullname="Tests.Test1.Test1WithEnumeratorPasses" methodname="Test1WithEnumeratorPasses" classname="Tests.Test1" runstate="Runnable" seed="506045765" result="Passed" start-time="2020-10-30 20:36:17Z" end-time="2020-10-30 20:36:17Z" duration="0.010995" asserts="0">
            <properties>
              <property name="_JOINTYPE" value="UnityCombinatorial" />
            </properties>
            <reason>
              <message><![CDATA[]]></message>
            </reason>
          </test-case>
        </test-suite>
      </test-suite>
    </test-suite>
  </test-suite>
</test-run>